Sun 08 Jun 2025 14:19:27 INFO  ['/Users/huangjiaqing/Desktop/Recommender Systems/RScode/Post-processing/run_ml.py']
Sun 08 Jun 2025 14:19:27 INFO  
General Hyper Parameters:
gpu_id = 0
use_gpu = True
seed = 42
state = INFO
reproducibility = True
data_path = datasets/ml-1m
checkpoint_dir = ../checkpoint_saved/ml-1m/
show_progress = True
save_dataset = True
dataset_save_path = None
save_dataloaders = True
dataloaders_save_path = None
log_wandb = True

Training Hyper Parameters:
epochs = 100
train_batch_size = 1024
learner = adam
learning_rate = 0.0005
train_neg_sample_args = {'distribution': 'uniform', 'sample_num': 1, 'alpha': 1.0, 'dynamic': False, 'candidate_num': 0}
eval_step = 1
stopping_step = 10
clip_grad_norm = None
weight_decay = 0.0
loss_decimal_place = 4

Evaluation Hyper Parameters:
eval_args = {'split': {'RS': [0.8, 0.1, 0.1]}, 'order': 'RO', 'group_by': 'user', 'mode': {'valid': 'full', 'test': 'full'}}
repeatable = True
metrics = ['Recall', 'Precision', 'Hit', 'NDCG', 'ItemCoverage', 'AveragePopularity', 'GiniIndex', 'ShannonEntropy', 'TailPercentage']
topk = [10]
valid_metric = NDCG@10
valid_metric_bigger = True
eval_batch_size = 4096
metric_decimal_place = 4

Dataset Hyper Parameters:
field_separator = 	
seq_separator =  
USER_ID_FIELD = user_id
ITEM_ID_FIELD = item_id
RATING_FIELD = rating
TIME_FIELD = timestamp
seq_len = None
LABEL_FIELD = label
threshold = {'rating': 3}
NEG_PREFIX = neg_
load_col = {'inter': ['user_id', 'item_id', 'rating', 'timestamp']}
unload_col = None
unused_col = None
additional_feat_suffix = None
rm_dup_inter = None
val_interval = None
filter_inter_by_user_or_item = True
user_inter_num_interval = [0,inf)
item_inter_num_interval = [0,inf)
alias_of_user_id = None
alias_of_item_id = None
alias_of_entity_id = None
alias_of_relation_id = None
preload_weight = None
normalize_field = None
normalize_all = None
ITEM_LIST_LENGTH_FIELD = item_length
LIST_SUFFIX = _list
MAX_ITEM_LIST_LENGTH = 50
POSITION_FIELD = position_id
HEAD_ENTITY_ID_FIELD = head_id
TAIL_ENTITY_ID_FIELD = tail_id
RELATION_ID_FIELD = relation_id
ENTITY_ID_FIELD = entity_id
benchmark_filename = None

Other Hyper Parameters: 
worker = 0
wandb_project = jiaqing61-tud
shuffle = True
require_pow = False
enable_amp = False
enable_scaler = False
transform = None
embedding_size = 64
numerical_features = []
discretization = None
kg_reverse_r = False
entity_kg_num_interval = [0,inf)
relation_kg_num_interval = [0,inf)
MODEL_TYPE = ModelType.GENERAL
workers = 2
encoding = utf-8
output_path = ../outputs/results/ml-1m/
wandb_path = outputs/
wandb_run_id = None
wandb_run_name = None
date = None
timestamp = None
log_root = ../outputs/logs/
skip_test = False
tail_ratio = 0.2
reg_weight = 0.0003
MODEL_INPUT_TYPE = InputType.PAIRWISE
eval_type = EvaluatorType.RANKING
single_spec = True
local_rank = 0
device = cpu
valid_neg_sample_args = {'distribution': 'uniform', 'sample_num': 'none'}
test_neg_sample_args = {'distribution': 'uniform', 'sample_num': 'none'}


Sun 08 Jun 2025 14:19:30 INFO  Saving filtered dataset into [../checkpoint_saved/ml-1m/ml-1m-Dataset.pth]
Sun 08 Jun 2025 14:19:30 INFO  ml-1m
The number of users: 6041
Average actions of users: 165.5975165562914
The number of items: 3707
Average actions of items: 269.88909875876953
The number of inters: 1000209
The sparsity of the dataset: 95.53358229599758%
Remain Fields: ['user_id', 'item_id', 'timestamp', 'label']
Sun 08 Jun 2025 14:19:32 INFO  Saving split dataloaders into: [../checkpoint_saved/ml-1m/ml-1m-for-BPR-dataloader.pth]
Sun 08 Jun 2025 14:19:32 INFO  [Training]: train_batch_size = [1024] train_neg_sample_args: [{'distribution': 'uniform', 'sample_num': 1, 'alpha': 1.0, 'dynamic': False, 'candidate_num': 0}]
Sun 08 Jun 2025 14:19:32 INFO  [Evaluation]: eval_batch_size = [4096] eval_args: [{'split': {'RS': [0.8, 0.1, 0.1]}, 'order': 'RO', 'group_by': 'user', 'mode': {'valid': 'full', 'test': 'full'}}]
Sun 08 Jun 2025 14:19:32 INFO  BPR(
  (user_embedding): Embedding(6041, 64)
  (item_embedding): Embedding(3707, 64)
  (loss): BPRLoss()
)
Trainable parameters: 623872
Sun 08 Jun 2025 14:19:32 INFO  FLOPs: 128.0
Sun 08 Jun 2025 14:19:40 INFO  epoch 0 training [time: 5.57s, train loss: 515.5253]
Sun 08 Jun 2025 14:19:43 INFO  epoch 0 evaluating [time: 2.19s, valid_score: 0.055500]
Sun 08 Jun 2025 14:19:43 INFO  valid result: 
recall@10 : 0.046    precision@10 : 0.0441    hit@10 : 0.3421    ndcg@10 : 0.0555    itemcoverage@10 : 0.0653    averagepopularity@10 : 2232.9562    giniindex@10 : 0.997    shannonentropy@10 : 0.0103    tailpercentage@10 : 0.0021
Sun 08 Jun 2025 14:19:43 INFO  Saving current: ../checkpoint_saved/ml-1m/BPR-Jun-08-2025_14-19-35.pth
Sun 08 Jun 2025 14:19:48 INFO  epoch 1 training [time: 5.13s, train loss: 334.5439]
Sun 08 Jun 2025 14:19:50 INFO  epoch 1 evaluating [time: 1.95s, valid_score: 0.056900]
Sun 08 Jun 2025 14:19:50 INFO  valid result: 
recall@10 : 0.0474    precision@10 : 0.0442    hit@10 : 0.3454    ndcg@10 : 0.0569    itemcoverage@10 : 0.024    averagepopularity@10 : 2214.2285    giniindex@10 : 0.9971    shannonentropy@10 : 0.0285    tailpercentage@10 : 0.0006
Sun 08 Jun 2025 14:19:50 INFO  Saving current: ../checkpoint_saved/ml-1m/BPR-Jun-08-2025_14-19-35.pth
Sun 08 Jun 2025 14:19:55 INFO  epoch 2 training [time: 5.28s, train loss: 301.8083]
Sun 08 Jun 2025 14:19:57 INFO  epoch 2 evaluating [time: 2.26s, valid_score: 0.060100]
Sun 08 Jun 2025 14:19:57 INFO  valid result: 
recall@10 : 0.0488    precision@10 : 0.0466    hit@10 : 0.3591    ndcg@10 : 0.0601    itemcoverage@10 : 0.0221    averagepopularity@10 : 2208.3601    giniindex@10 : 0.997    shannonentropy@10 : 0.0318    tailpercentage@10 : 0.0004
Sun 08 Jun 2025 14:19:57 INFO  Saving current: ../checkpoint_saved/ml-1m/BPR-Jun-08-2025_14-19-35.pth
Sun 08 Jun 2025 14:20:02 INFO  epoch 3 training [time: 4.96s, train loss: 287.6102]
Sun 08 Jun 2025 14:20:05 INFO  epoch 3 evaluating [time: 2.28s, valid_score: 0.062200]
Sun 08 Jun 2025 14:20:05 INFO  valid result: 
recall@10 : 0.0526    precision@10 : 0.0489    hit@10 : 0.378    ndcg@10 : 0.0622    itemcoverage@10 : 0.0337    averagepopularity@10 : 2185.7441    giniindex@10 : 0.9964    shannonentropy@10 : 0.0228    tailpercentage@10 : 0.0004
Sun 08 Jun 2025 14:20:05 INFO  Saving current: ../checkpoint_saved/ml-1m/BPR-Jun-08-2025_14-19-35.pth
Sun 08 Jun 2025 14:20:10 INFO  epoch 4 training [time: 5.03s, train loss: 273.5997]
Sun 08 Jun 2025 14:20:12 INFO  epoch 4 evaluating [time: 2.27s, valid_score: 0.064000]
Sun 08 Jun 2025 14:20:12 INFO  valid result: 
recall@10 : 0.055    precision@10 : 0.0507    hit@10 : 0.3927    ndcg@10 : 0.064    itemcoverage@10 : 0.0456    averagepopularity@10 : 2120.6542    giniindex@10 : 0.9953    shannonentropy@10 : 0.0186    tailpercentage@10 : 0.0002
Sun 08 Jun 2025 14:20:12 INFO  Saving current: ../checkpoint_saved/ml-1m/BPR-Jun-08-2025_14-19-35.pth
Sun 08 Jun 2025 14:20:17 INFO  epoch 5 training [time: 5.03s, train loss: 263.2354]
Sun 08 Jun 2025 14:20:19 INFO  epoch 5 evaluating [time: 2.27s, valid_score: 0.065000]
Sun 08 Jun 2025 14:20:19 INFO  valid result: 
recall@10 : 0.0545    precision@10 : 0.0512    hit@10 : 0.3922    ndcg@10 : 0.065    itemcoverage@10 : 0.0612    averagepopularity@10 : 2053.5197    giniindex@10 : 0.994    shannonentropy@10 : 0.0148    tailpercentage@10 : 0.0003
Sun 08 Jun 2025 14:20:19 INFO  Saving current: ../checkpoint_saved/ml-1m/BPR-Jun-08-2025_14-19-35.pth
Sun 08 Jun 2025 14:20:24 INFO  epoch 6 training [time: 5.04s, train loss: 253.9159]
Sun 08 Jun 2025 14:20:26 INFO  epoch 6 evaluating [time: 2.15s, valid_score: 0.068100]
Sun 08 Jun 2025 14:20:26 INFO  valid result: 
recall@10 : 0.0574    precision@10 : 0.0534    hit@10 : 0.4063    ndcg@10 : 0.0681    itemcoverage@10 : 0.0809    averagepopularity@10 : 2003.4012    giniindex@10 : 0.9922    shannonentropy@10 : 0.012    tailpercentage@10 : 0.0004
Sun 08 Jun 2025 14:20:26 INFO  Saving current: ../checkpoint_saved/ml-1m/BPR-Jun-08-2025_14-19-35.pth
Sun 08 Jun 2025 14:20:31 INFO  epoch 7 training [time: 4.93s, train loss: 247.0365]
Sun 08 Jun 2025 14:20:34 INFO  epoch 7 evaluating [time: 2.28s, valid_score: 0.069400]
Sun 08 Jun 2025 14:20:34 INFO  valid result: 
recall@10 : 0.059    precision@10 : 0.0539    hit@10 : 0.4141    ndcg@10 : 0.0694    itemcoverage@10 : 0.1017    averagepopularity@10 : 1937.6025    giniindex@10 : 0.9899    shannonentropy@10 : 0.0102    tailpercentage@10 : 0.0002
Sun 08 Jun 2025 14:20:34 INFO  Saving current: ../checkpoint_saved/ml-1m/BPR-Jun-08-2025_14-19-35.pth
Sun 08 Jun 2025 14:20:39 INFO  epoch 8 training [time: 4.97s, train loss: 240.7789]
Sun 08 Jun 2025 14:20:41 INFO  epoch 8 evaluating [time: 2.08s, valid_score: 0.070300]
Sun 08 Jun 2025 14:20:41 INFO  valid result: 
recall@10 : 0.061    precision@10 : 0.0549    hit@10 : 0.4169    ndcg@10 : 0.0703    itemcoverage@10 : 0.1155    averagepopularity@10 : 1879.2333    giniindex@10 : 0.9877    shannonentropy@10 : 0.0094    tailpercentage@10 : 0.0001
Sun 08 Jun 2025 14:20:41 INFO  Saving current: ../checkpoint_saved/ml-1m/BPR-Jun-08-2025_14-19-35.pth
Sun 08 Jun 2025 14:20:46 INFO  epoch 9 training [time: 5.29s, train loss: 234.9096]
Sun 08 Jun 2025 14:20:48 INFO  epoch 9 evaluating [time: 2.21s, valid_score: 0.071400]
Sun 08 Jun 2025 14:20:48 INFO  valid result: 
recall@10 : 0.0618    precision@10 : 0.0555    hit@10 : 0.4195    ndcg@10 : 0.0714    itemcoverage@10 : 0.1338    averagepopularity@10 : 1806.107    giniindex@10 : 0.9845    shannonentropy@10 : 0.0085    tailpercentage@10 : 0.0001
Sun 08 Jun 2025 14:20:48 INFO  Saving current: ../checkpoint_saved/ml-1m/BPR-Jun-08-2025_14-19-35.pth
Sun 08 Jun 2025 14:20:53 INFO  epoch 10 training [time: 5.14s, train loss: 230.5225]
Sun 08 Jun 2025 14:20:55 INFO  epoch 10 evaluating [time: 2.02s, valid_score: 0.071700]
Sun 08 Jun 2025 14:20:55 INFO  valid result: 
recall@10 : 0.0615    precision@10 : 0.0552    hit@10 : 0.4214    ndcg@10 : 0.0717    itemcoverage@10 : 0.1516    averagepopularity@10 : 1778.963    giniindex@10 : 0.9825    shannonentropy@10 : 0.0077    tailpercentage@10 : 0.0001
Sun 08 Jun 2025 14:20:55 INFO  Saving current: ../checkpoint_saved/ml-1m/BPR-Jun-08-2025_14-19-35.pth
Sun 08 Jun 2025 14:21:01 INFO  epoch 11 training [time: 5.63s, train loss: 226.7669]
Sun 08 Jun 2025 14:21:03 INFO  epoch 11 evaluating [time: 2.41s, valid_score: 0.072600]
Sun 08 Jun 2025 14:21:03 INFO  valid result: 
recall@10 : 0.063    precision@10 : 0.0564    hit@10 : 0.4267    ndcg@10 : 0.0726    itemcoverage@10 : 0.1673    averagepopularity@10 : 1731.8583    giniindex@10 : 0.9795    shannonentropy@10 : 0.0072    tailpercentage@10 : 0.0001
Sun 08 Jun 2025 14:21:03 INFO  Saving current: ../checkpoint_saved/ml-1m/BPR-Jun-08-2025_14-19-35.pth
Sun 08 Jun 2025 14:21:08 INFO  epoch 12 training [time: 4.75s, train loss: 222.4556]
Sun 08 Jun 2025 14:21:10 INFO  epoch 12 evaluating [time: 2.13s, valid_score: 0.072800]
Sun 08 Jun 2025 14:21:10 INFO  valid result: 
recall@10 : 0.0648    precision@10 : 0.0561    hit@10 : 0.4333    ndcg@10 : 0.0728    itemcoverage@10 : 0.178    averagepopularity@10 : 1674.2924    giniindex@10 : 0.9763    shannonentropy@10 : 0.007    tailpercentage@10 : 0.0
Sun 08 Jun 2025 14:21:10 INFO  Saving current: ../checkpoint_saved/ml-1m/BPR-Jun-08-2025_14-19-35.pth
Sun 08 Jun 2025 14:21:15 INFO  epoch 13 training [time: 5.06s, train loss: 219.4178]
Sun 08 Jun 2025 14:21:17 INFO  epoch 13 evaluating [time: 2.09s, valid_score: 0.074500]
Sun 08 Jun 2025 14:21:17 INFO  valid result: 
recall@10 : 0.0666    precision@10 : 0.0572    hit@10 : 0.4392    ndcg@10 : 0.0745    itemcoverage@10 : 0.1942    averagepopularity@10 : 1648.9792    giniindex@10 : 0.9739    shannonentropy@10 : 0.0065    tailpercentage@10 : 0.0001
Sun 08 Jun 2025 14:21:17 INFO  Saving current: ../checkpoint_saved/ml-1m/BPR-Jun-08-2025_14-19-35.pth
Sun 08 Jun 2025 14:21:22 INFO  epoch 14 training [time: 4.68s, train loss: 216.8121]
Sun 08 Jun 2025 14:21:24 INFO  epoch 14 evaluating [time: 2.23s, valid_score: 0.074200]
Sun 08 Jun 2025 14:21:24 INFO  valid result: 
recall@10 : 0.0651    precision@10 : 0.0571    hit@10 : 0.4369    ndcg@10 : 0.0742    itemcoverage@10 : 0.2093    averagepopularity@10 : 1634.6389    giniindex@10 : 0.9711    shannonentropy@10 : 0.0061    tailpercentage@10 : 0.0001
Sun 08 Jun 2025 14:21:30 INFO  epoch 15 training [time: 5.46s, train loss: 213.8026]
Sun 08 Jun 2025 14:21:32 INFO  epoch 15 evaluating [time: 2.34s, valid_score: 0.073600]
Sun 08 Jun 2025 14:21:32 INFO  valid result: 
recall@10 : 0.0657    precision@10 : 0.0568    hit@10 : 0.4366    ndcg@10 : 0.0736    itemcoverage@10 : 0.2201    averagepopularity@10 : 1614.4082    giniindex@10 : 0.9678    shannonentropy@10 : 0.0059    tailpercentage@10 : 0.0
Sun 08 Jun 2025 14:21:37 INFO  epoch 16 training [time: 5.16s, train loss: 211.1872]
Sun 08 Jun 2025 14:21:39 INFO  epoch 16 evaluating [time: 2.11s, valid_score: 0.074300]
Sun 08 Jun 2025 14:21:39 INFO  valid result: 
recall@10 : 0.0669    precision@10 : 0.0573    hit@10 : 0.4419    ndcg@10 : 0.0743    itemcoverage@10 : 0.2371    averagepopularity@10 : 1569.8823    giniindex@10 : 0.9644    shannonentropy@10 : 0.0056    tailpercentage@10 : 0.0001
Sun 08 Jun 2025 14:21:44 INFO  epoch 17 training [time: 4.98s, train loss: 209.7342]
Sun 08 Jun 2025 14:21:47 INFO  epoch 17 evaluating [time: 2.08s, valid_score: 0.074500]
Sun 08 Jun 2025 14:21:47 INFO  valid result: 
recall@10 : 0.0665    precision@10 : 0.0572    hit@10 : 0.4377    ndcg@10 : 0.0745    itemcoverage@10 : 0.2506    averagepopularity@10 : 1548.5462    giniindex@10 : 0.9609    shannonentropy@10 : 0.0054    tailpercentage@10 : 0.0001
Sun 08 Jun 2025 14:21:47 INFO  Saving current: ../checkpoint_saved/ml-1m/BPR-Jun-08-2025_14-19-35.pth
Sun 08 Jun 2025 14:21:52 INFO  epoch 18 training [time: 5.04s, train loss: 206.0713]
Sun 08 Jun 2025 14:21:54 INFO  epoch 18 evaluating [time: 2.53s, valid_score: 0.074900]
Sun 08 Jun 2025 14:21:54 INFO  valid result: 
recall@10 : 0.0673    precision@10 : 0.057    hit@10 : 0.4376    ndcg@10 : 0.0749    itemcoverage@10 : 0.2633    averagepopularity@10 : 1524.6779    giniindex@10 : 0.9576    shannonentropy@10 : 0.0052    tailpercentage@10 : 0.0001
Sun 08 Jun 2025 14:21:54 INFO  Saving current: ../checkpoint_saved/ml-1m/BPR-Jun-08-2025_14-19-35.pth
Sun 08 Jun 2025 14:21:59 INFO  epoch 19 training [time: 5.21s, train loss: 204.4396]
Sun 08 Jun 2025 14:22:02 INFO  epoch 19 evaluating [time: 2.23s, valid_score: 0.076500]
Sun 08 Jun 2025 14:22:02 INFO  valid result: 
recall@10 : 0.0692    precision@10 : 0.0586    hit@10 : 0.4454    ndcg@10 : 0.0765    itemcoverage@10 : 0.2754    averagepopularity@10 : 1524.6645    giniindex@10 : 0.9561    shannonentropy@10 : 0.005    tailpercentage@10 : 0.0002
Sun 08 Jun 2025 14:22:02 INFO  Saving current: ../checkpoint_saved/ml-1m/BPR-Jun-08-2025_14-19-35.pth
Sun 08 Jun 2025 14:22:07 INFO  epoch 20 training [time: 5.11s, train loss: 201.6293]
Sun 08 Jun 2025 14:22:09 INFO  epoch 20 evaluating [time: 2.13s, valid_score: 0.075700]
Sun 08 Jun 2025 14:22:09 INFO  valid result: 
recall@10 : 0.0685    precision@10 : 0.0586    hit@10 : 0.4409    ndcg@10 : 0.0757    itemcoverage@10 : 0.287    averagepopularity@10 : 1491.5597    giniindex@10 : 0.9523    shannonentropy@10 : 0.0049    tailpercentage@10 : 0.0001
Sun 08 Jun 2025 14:22:14 INFO  epoch 21 training [time: 5.35s, train loss: 200.0092]
Sun 08 Jun 2025 14:22:16 INFO  epoch 21 evaluating [time: 2.31s, valid_score: 0.076100]
Sun 08 Jun 2025 14:22:16 INFO  valid result: 
recall@10 : 0.0689    precision@10 : 0.0579    hit@10 : 0.4416    ndcg@10 : 0.0761    itemcoverage@10 : 0.294    averagepopularity@10 : 1466.3943    giniindex@10 : 0.9485    shannonentropy@10 : 0.0049    tailpercentage@10 : 0.0002
Sun 08 Jun 2025 14:22:21 INFO  epoch 22 training [time: 4.59s, train loss: 197.9776]
Sun 08 Jun 2025 14:22:23 INFO  epoch 22 evaluating [time: 2.16s, valid_score: 0.076100]
Sun 08 Jun 2025 14:22:23 INFO  valid result: 
recall@10 : 0.0698    precision@10 : 0.0578    hit@10 : 0.4439    ndcg@10 : 0.0761    itemcoverage@10 : 0.3005    averagepopularity@10 : 1461.5641    giniindex@10 : 0.9475    shannonentropy@10 : 0.0048    tailpercentage@10 : 0.0002
Sun 08 Jun 2025 14:22:28 INFO  epoch 23 training [time: 4.75s, train loss: 196.1634]
Sun 08 Jun 2025 14:22:30 INFO  epoch 23 evaluating [time: 2.26s, valid_score: 0.077300]
Sun 08 Jun 2025 14:22:30 INFO  valid result: 
recall@10 : 0.0707    precision@10 : 0.0587    hit@10 : 0.4439    ndcg@10 : 0.0773    itemcoverage@10 : 0.3145    averagepopularity@10 : 1441.0869    giniindex@10 : 0.9434    shannonentropy@10 : 0.0046    tailpercentage@10 : 0.0002
Sun 08 Jun 2025 14:22:30 INFO  Saving current: ../checkpoint_saved/ml-1m/BPR-Jun-08-2025_14-19-35.pth
Sun 08 Jun 2025 14:22:35 INFO  epoch 24 training [time: 4.80s, train loss: 194.1245]
Sun 08 Jun 2025 14:22:37 INFO  epoch 24 evaluating [time: 2.06s, valid_score: 0.077000]
Sun 08 Jun 2025 14:22:37 INFO  valid result: 
recall@10 : 0.0714    precision@10 : 0.0581    hit@10 : 0.4475    ndcg@10 : 0.077    itemcoverage@10 : 0.3243    averagepopularity@10 : 1409.0746    giniindex@10 : 0.94    shannonentropy@10 : 0.0046    tailpercentage@10 : 0.0002
Sun 08 Jun 2025 14:22:42 INFO  epoch 25 training [time: 4.88s, train loss: 192.3672]
Sun 08 Jun 2025 14:22:44 INFO  epoch 25 evaluating [time: 2.20s, valid_score: 0.076300]
Sun 08 Jun 2025 14:22:44 INFO  valid result: 
recall@10 : 0.0708    precision@10 : 0.0574    hit@10 : 0.4412    ndcg@10 : 0.0763    itemcoverage@10 : 0.3332    averagepopularity@10 : 1400.3892    giniindex@10 : 0.9378    shannonentropy@10 : 0.0044    tailpercentage@10 : 0.0003
Sun 08 Jun 2025 14:22:49 INFO  epoch 26 training [time: 4.91s, train loss: 190.0692]
Sun 08 Jun 2025 14:22:51 INFO  epoch 26 evaluating [time: 1.99s, valid_score: 0.076700]
Sun 08 Jun 2025 14:22:51 INFO  valid result: 
recall@10 : 0.0724    precision@10 : 0.0583    hit@10 : 0.446    ndcg@10 : 0.0767    itemcoverage@10 : 0.341    averagepopularity@10 : 1366.507    giniindex@10 : 0.9342    shannonentropy@10 : 0.0044    tailpercentage@10 : 0.0002
Sun 08 Jun 2025 14:22:56 INFO  epoch 27 training [time: 4.69s, train loss: 188.6976]
Sun 08 Jun 2025 14:22:58 INFO  epoch 27 evaluating [time: 2.08s, valid_score: 0.076500]
Sun 08 Jun 2025 14:22:58 INFO  valid result: 
recall@10 : 0.0713    precision@10 : 0.0573    hit@10 : 0.4421    ndcg@10 : 0.0765    itemcoverage@10 : 0.3504    averagepopularity@10 : 1358.2445    giniindex@10 : 0.9314    shannonentropy@10 : 0.0043    tailpercentage@10 : 0.0003
Sun 08 Jun 2025 14:23:03 INFO  epoch 28 training [time: 5.02s, train loss: 187.2890]
Sun 08 Jun 2025 14:23:05 INFO  epoch 28 evaluating [time: 2.06s, valid_score: 0.077000]
Sun 08 Jun 2025 14:23:05 INFO  valid result: 
recall@10 : 0.0727    precision@10 : 0.0581    hit@10 : 0.4475    ndcg@10 : 0.077    itemcoverage@10 : 0.358    averagepopularity@10 : 1344.8632    giniindex@10 : 0.9301    shannonentropy@10 : 0.0043    tailpercentage@10 : 0.0002
Sun 08 Jun 2025 14:23:10 INFO  epoch 29 training [time: 4.68s, train loss: 185.9427]
Sun 08 Jun 2025 14:23:12 INFO  epoch 29 evaluating [time: 2.11s, valid_score: 0.077400]
Sun 08 Jun 2025 14:23:12 INFO  valid result: 
recall@10 : 0.0729    precision@10 : 0.0581    hit@10 : 0.4454    ndcg@10 : 0.0774    itemcoverage@10 : 0.3642    averagepopularity@10 : 1328.4852    giniindex@10 : 0.9281    shannonentropy@10 : 0.0042    tailpercentage@10 : 0.0002
Sun 08 Jun 2025 14:23:12 INFO  Saving current: ../checkpoint_saved/ml-1m/BPR-Jun-08-2025_14-19-35.pth
Sun 08 Jun 2025 14:23:17 INFO  epoch 30 training [time: 5.00s, train loss: 184.5856]
Sun 08 Jun 2025 14:23:19 INFO  epoch 30 evaluating [time: 2.09s, valid_score: 0.077200]
Sun 08 Jun 2025 14:23:19 INFO  valid result: 
recall@10 : 0.0723    precision@10 : 0.0581    hit@10 : 0.4487    ndcg@10 : 0.0772    itemcoverage@10 : 0.3766    averagepopularity@10 : 1310.4572    giniindex@10 : 0.9253    shannonentropy@10 : 0.0041    tailpercentage@10 : 0.0003
Sun 08 Jun 2025 14:23:24 INFO  epoch 31 training [time: 4.78s, train loss: 182.7788]
Sun 08 Jun 2025 14:23:26 INFO  epoch 31 evaluating [time: 2.16s, valid_score: 0.077700]
Sun 08 Jun 2025 14:23:26 INFO  valid result: 
recall@10 : 0.0728    precision@10 : 0.0586    hit@10 : 0.4515    ndcg@10 : 0.0777    itemcoverage@10 : 0.375    averagepopularity@10 : 1299.8173    giniindex@10 : 0.9234    shannonentropy@10 : 0.0041    tailpercentage@10 : 0.0002
Sun 08 Jun 2025 14:23:26 INFO  Saving current: ../checkpoint_saved/ml-1m/BPR-Jun-08-2025_14-19-35.pth
Sun 08 Jun 2025 14:23:31 INFO  epoch 32 training [time: 4.86s, train loss: 182.0232]
Sun 08 Jun 2025 14:23:33 INFO  epoch 32 evaluating [time: 1.99s, valid_score: 0.077100]
Sun 08 Jun 2025 14:23:33 INFO  valid result: 
recall@10 : 0.0719    precision@10 : 0.0577    hit@10 : 0.444    ndcg@10 : 0.0771    itemcoverage@10 : 0.3868    averagepopularity@10 : 1281.6253    giniindex@10 : 0.9177    shannonentropy@10 : 0.0041    tailpercentage@10 : 0.0003
Sun 08 Jun 2025 14:23:36 INFO  epoch 33 training [time: 3.62s, train loss: 180.3460]
Sun 08 Jun 2025 14:23:38 INFO  epoch 33 evaluating [time: 1.37s, valid_score: 0.076100]
Sun 08 Jun 2025 14:23:38 INFO  valid result: 
recall@10 : 0.0716    precision@10 : 0.0576    hit@10 : 0.445    ndcg@10 : 0.0761    itemcoverage@10 : 0.3955    averagepopularity@10 : 1282.3037    giniindex@10 : 0.9164    shannonentropy@10 : 0.004    tailpercentage@10 : 0.0003
Sun 08 Jun 2025 14:23:41 INFO  epoch 34 training [time: 3.52s, train loss: 178.6699]
Sun 08 Jun 2025 14:23:43 INFO  epoch 34 evaluating [time: 1.41s, valid_score: 0.076000]
Sun 08 Jun 2025 14:23:43 INFO  valid result: 
recall@10 : 0.0709    precision@10 : 0.0568    hit@10 : 0.4427    ndcg@10 : 0.076    itemcoverage@10 : 0.4084    averagepopularity@10 : 1260.5905    giniindex@10 : 0.9144    shannonentropy@10 : 0.0039    tailpercentage@10 : 0.0005
Sun 08 Jun 2025 14:23:47 INFO  epoch 35 training [time: 3.97s, train loss: 177.2925]
Sun 08 Jun 2025 14:23:48 INFO  epoch 35 evaluating [time: 1.39s, valid_score: 0.075800]
Sun 08 Jun 2025 14:23:48 INFO  valid result: 
recall@10 : 0.0714    precision@10 : 0.0572    hit@10 : 0.4445    ndcg@10 : 0.0758    itemcoverage@10 : 0.4162    averagepopularity@10 : 1242.9796    giniindex@10 : 0.9124    shannonentropy@10 : 0.0038    tailpercentage@10 : 0.0005
Sun 08 Jun 2025 14:23:52 INFO  epoch 36 training [time: 3.73s, train loss: 176.0538]
Sun 08 Jun 2025 14:23:53 INFO  epoch 36 evaluating [time: 1.41s, valid_score: 0.075600]
Sun 08 Jun 2025 14:23:53 INFO  valid result: 
recall@10 : 0.0719    precision@10 : 0.0572    hit@10 : 0.4427    ndcg@10 : 0.0756    itemcoverage@10 : 0.4222    averagepopularity@10 : 1254.143    giniindex@10 : 0.9118    shannonentropy@10 : 0.0038    tailpercentage@10 : 0.0004
Sun 08 Jun 2025 14:23:57 INFO  epoch 37 training [time: 3.58s, train loss: 174.7958]
Sun 08 Jun 2025 14:23:58 INFO  epoch 37 evaluating [time: 1.51s, valid_score: 0.075300]
Sun 08 Jun 2025 14:23:58 INFO  valid result: 
recall@10 : 0.0715    precision@10 : 0.057    hit@10 : 0.4374    ndcg@10 : 0.0753    itemcoverage@10 : 0.4297    averagepopularity@10 : 1238.3049    giniindex@10 : 0.9085    shannonentropy@10 : 0.0037    tailpercentage@10 : 0.0004
Sun 08 Jun 2025 14:24:02 INFO  epoch 38 training [time: 3.77s, train loss: 173.3681]
Sun 08 Jun 2025 14:24:03 INFO  epoch 38 evaluating [time: 1.35s, valid_score: 0.076100]
Sun 08 Jun 2025 14:24:03 INFO  valid result: 
recall@10 : 0.0725    precision@10 : 0.0575    hit@10 : 0.4447    ndcg@10 : 0.0761    itemcoverage@10 : 0.4413    averagepopularity@10 : 1245.1191    giniindex@10 : 0.9068    shannonentropy@10 : 0.0036    tailpercentage@10 : 0.0004
Sun 08 Jun 2025 14:24:07 INFO  epoch 39 training [time: 3.73s, train loss: 172.8223]
Sun 08 Jun 2025 14:24:08 INFO  epoch 39 evaluating [time: 1.32s, valid_score: 0.076600]
Sun 08 Jun 2025 14:24:08 INFO  valid result: 
recall@10 : 0.0725    precision@10 : 0.0577    hit@10 : 0.4449    ndcg@10 : 0.0766    itemcoverage@10 : 0.4459    averagepopularity@10 : 1243.0678    giniindex@10 : 0.904    shannonentropy@10 : 0.0036    tailpercentage@10 : 0.0005
Sun 08 Jun 2025 14:24:12 INFO  epoch 40 training [time: 3.69s, train loss: 170.6606]
Sun 08 Jun 2025 14:24:13 INFO  epoch 40 evaluating [time: 1.45s, valid_score: 0.076300]
Sun 08 Jun 2025 14:24:13 INFO  valid result: 
recall@10 : 0.0725    precision@10 : 0.0572    hit@10 : 0.4427    ndcg@10 : 0.0763    itemcoverage@10 : 0.4456    averagepopularity@10 : 1205.1873    giniindex@10 : 0.9014    shannonentropy@10 : 0.0036    tailpercentage@10 : 0.0004
Sun 08 Jun 2025 14:24:17 INFO  epoch 41 training [time: 3.50s, train loss: 169.8232]
Sun 08 Jun 2025 14:24:18 INFO  epoch 41 evaluating [time: 1.39s, valid_score: 0.076100]
Sun 08 Jun 2025 14:24:18 INFO  valid result: 
recall@10 : 0.0726    precision@10 : 0.0572    hit@10 : 0.4401    ndcg@10 : 0.0761    itemcoverage@10 : 0.4543    averagepopularity@10 : 1189.2052    giniindex@10 : 0.8996    shannonentropy@10 : 0.0036    tailpercentage@10 : 0.0005
Sun 08 Jun 2025 14:24:22 INFO  epoch 42 training [time: 3.47s, train loss: 168.6756]
Sun 08 Jun 2025 14:24:23 INFO  epoch 42 evaluating [time: 1.38s, valid_score: 0.076000]
Sun 08 Jun 2025 14:24:23 INFO  valid result: 
recall@10 : 0.0723    precision@10 : 0.0571    hit@10 : 0.4401    ndcg@10 : 0.076    itemcoverage@10 : 0.4594    averagepopularity@10 : 1184.3357    giniindex@10 : 0.8954    shannonentropy@10 : 0.0036    tailpercentage@10 : 0.0005
Sun 08 Jun 2025 14:24:23 INFO  Finished training, best eval result in epoch 31
Sun 08 Jun 2025 14:24:23 INFO  Loading model structure and parameters from ../checkpoint_saved/ml-1m/BPR-Jun-08-2025_14-19-35.pth
Sun 08 Jun 2025 14:24:26 INFO  The running environment of this training is as follows:
+-------------+----------------+
| Environment |     Usage      |
+=============+================+
| CPU         |    13.70 %     |
+-------------+----------------+
| GPU         |   0.0 / 0.0    |
+-------------+----------------+
| Memory      | 0.71 G/16.00 G |
+-------------+----------------+
Sun 08 Jun 2025 14:24:26 INFO  best valid : OrderedDict([('recall@10', 0.0728), ('precision@10', 0.0586), ('hit@10', 0.4515), ('ndcg@10', 0.0777), ('itemcoverage@10', 0.375), ('averagepopularity@10', 1299.8173), ('giniindex@10', 0.9234), ('shannonentropy@10', 0.0041), ('tailpercentage@10', 0.0002)])
Sun 08 Jun 2025 14:24:26 INFO  test result: OrderedDict([('recall@10', 0.0727), ('precision@10', 0.058), ('hit@10', 0.4478), ('ndcg@10', 0.076), ('itemcoverage@10', 0.375), ('averagepopularity@10', 1299.8173), ('giniindex@10', 0.9234), ('shannonentropy@10', 0.0041), ('tailpercentage@10', 0.0002)])
