Sat 07 Jun 2025 22:51:14 INFO  ['/Users/huangjiaqing/Desktop/Recommender Systems/RScode/Post-processing/run.py']
Sat 07 Jun 2025 22:51:14 INFO  
General Hyper Parameters:
gpu_id = 0
use_gpu = True
seed = 42
state = INFO
reproducibility = True
data_path = datasets/lastfm-360k
checkpoint_dir = ../checkpoint_saved/lastfm-360k/
show_progress = True
save_dataset = True
dataset_save_path = None
save_dataloaders = True
dataloaders_save_path = None
log_wandb = True

Training Hyper Parameters:
epochs = 100
train_batch_size = 1024
learner = adam
learning_rate = 0.001
train_neg_sample_args = {'distribution': 'uniform', 'sample_num': 1, 'alpha': 1.0, 'dynamic': False, 'candidate_num': 0}
eval_step = 1
stopping_step = 5
clip_grad_norm = None
weight_decay = 0.0
loss_decimal_place = 4

Evaluation Hyper Parameters:
eval_args = {'split': {'RS': [0.8, 0.1, 0.1]}, 'order': 'RO', 'group_by': 'user', 'mode': {'valid': 'full', 'test': 'full'}}
repeatable = True
metrics = ['Recall', 'Precision', 'NDCG', 'Hit', 'ItemCoverage', 'AveragePopularity', 'GiniIndex', 'ShannonEntropy', 'TailPercentage']
topk = [10]
valid_metric = NDCG@10
valid_metric_bigger = True
eval_batch_size = 4096
metric_decimal_place = 4

Dataset Hyper Parameters:
field_separator = 	
seq_separator =  
USER_ID_FIELD = user_id
ITEM_ID_FIELD = artist_id
RATING_FIELD = plays
TIME_FIELD = timestamp
seq_len = None
LABEL_FIELD = label
threshold = {'plays': 3}
NEG_PREFIX = neg_
load_col = {'inter': ['user_id', 'artist_id', 'plays']}
unload_col = None
unused_col = None
additional_feat_suffix = None
rm_dup_inter = None
val_interval = None
filter_inter_by_user_or_item = True
user_inter_num_interval = [0,inf)
item_inter_num_interval = [0,inf)
alias_of_user_id = None
alias_of_item_id = None
alias_of_entity_id = None
alias_of_relation_id = None
preload_weight = None
normalize_field = None
normalize_all = None
ITEM_LIST_LENGTH_FIELD = item_length
LIST_SUFFIX = _list
MAX_ITEM_LIST_LENGTH = 50
POSITION_FIELD = position_id
HEAD_ENTITY_ID_FIELD = head_id
TAIL_ENTITY_ID_FIELD = tail_id
RELATION_ID_FIELD = relation_id
ENTITY_ID_FIELD = entity_id
benchmark_filename = None

Other Hyper Parameters: 
worker = 0
wandb_project = jiaqing61-tud
shuffle = True
require_pow = False
enable_amp = False
enable_scaler = False
transform = None
embedding_size = 64
numerical_features = []
discretization = None
kg_reverse_r = False
entity_kg_num_interval = [0,inf)
relation_kg_num_interval = [0,inf)
MODEL_TYPE = ModelType.GENERAL
workers = 2
encoding = utf-8
output_path = ../outputs/results/lastfm-360k/
wandb_path = outputs/
wandb_run_id = None
wandb_run_name = None
date = None
timestamp = None
log_root = ../outputs/logs/
skip_test = False
tail_ratio = 0.2
reg_weight = 0.0003
MODEL_INPUT_TYPE = InputType.PAIRWISE
eval_type = EvaluatorType.RANKING
single_spec = True
local_rank = 0
device = cpu
valid_neg_sample_args = {'distribution': 'uniform', 'sample_num': 'none'}
test_neg_sample_args = {'distribution': 'uniform', 'sample_num': 'none'}


Sat 07 Jun 2025 22:52:23 INFO  Saving filtered dataset into [../checkpoint_saved/lastfm-360k/lastfm-360k-Dataset.pth]
Sat 07 Jun 2025 22:52:25 INFO  lastfm-360k
The number of users: 326566
Average actions of users: 48.27144366358918
The number of items: 155487
Average actions of items: 101.38381590625522
The number of inters: 15763764
The sparsity of the dataset: 99.96895477059284%
Remain Fields: ['user_id', 'artist_id', 'label']
Sat 07 Jun 2025 22:52:51 INFO  Saving split dataloaders into: [../checkpoint_saved/lastfm-360k/lastfm-360k-for-BPR-dataloader.pth]
Sat 07 Jun 2025 22:53:20 INFO  [Training]: train_batch_size = [1024] train_neg_sample_args: [{'distribution': 'uniform', 'sample_num': 1, 'alpha': 1.0, 'dynamic': False, 'candidate_num': 0}]
Sat 07 Jun 2025 22:53:20 INFO  [Evaluation]: eval_batch_size = [4096] eval_args: [{'split': {'RS': [0.8, 0.1, 0.1]}, 'order': 'RO', 'group_by': 'user', 'mode': {'valid': 'full', 'test': 'full'}}]
Sat 07 Jun 2025 22:53:20 INFO  BPR(
  (user_embedding): Embedding(326566, 64)
  (item_embedding): Embedding(155487, 64)
  (loss): BPRLoss()
)
Trainable parameters: 30851392
Sat 07 Jun 2025 22:53:20 INFO  FLOPs: 128.0
Sat 07 Jun 2025 23:01:30 INFO  epoch 0 training [time: 487.37s, train loss: 2509.3148]
Sat 07 Jun 2025 23:37:26 INFO  epoch 0 evaluating [time: 2155.60s, valid_score: 0.026700]
Sat 07 Jun 2025 23:37:26 INFO  valid result: 
recall@10 : 0.0339    precision@10 : 0.0147    ndcg@10 : 0.0267    hit@10 : 0.1362    itemcoverage@10 : 0.0038    averagepopularity@10 : 35319.7082    giniindex@10 : 0.9999    shannonentropy@10 : 0.0047    tailpercentage@10 : 0.0001
Sat 07 Jun 2025 23:37:27 INFO  Saving current: ../checkpoint_saved/lastfm-360k/BPR-Jun-07-2025_22-53-22.pth
Sat 07 Jun 2025 23:45:55 INFO  epoch 1 training [time: 507.52s, train loss: 1314.0659]
Sun 08 Jun 2025 00:20:13 INFO  epoch 1 evaluating [time: 2058.81s, valid_score: 0.032400]
Sun 08 Jun 2025 00:20:13 INFO  valid result: 
recall@10 : 0.0416    precision@10 : 0.018    ndcg@10 : 0.0324    hit@10 : 0.1648    itemcoverage@10 : 0.0061    averagepopularity@10 : 29031.0189    giniindex@10 : 0.9998    shannonentropy@10 : 0.0038    tailpercentage@10 : 0.0
Sun 08 Jun 2025 00:20:14 INFO  Saving current: ../checkpoint_saved/lastfm-360k/BPR-Jun-07-2025_22-53-22.pth
Sun 08 Jun 2025 01:15:38 INFO  epoch 2 training [time: 3323.92s, train loss: 1110.8135]
Sun 08 Jun 2025 04:38:35 INFO  epoch 2 evaluating [time: 12177.46s, valid_score: 0.035800]
Sun 08 Jun 2025 04:38:35 INFO  valid result: 
recall@10 : 0.0467    precision@10 : 0.0202    ndcg@10 : 0.0358    hit@10 : 0.1839    itemcoverage@10 : 0.0093    averagepopularity@10 : 25191.6603    giniindex@10 : 0.9996    shannonentropy@10 : 0.0029    tailpercentage@10 : 0.0
Sun 08 Jun 2025 04:38:36 INFO  Saving current: ../checkpoint_saved/lastfm-360k/BPR-Jun-07-2025_22-53-22.pth
Sun 08 Jun 2025 04:47:00 INFO  epoch 3 training [time: 504.62s, train loss: 912.0189]
Sun 08 Jun 2025 05:21:07 INFO  epoch 3 evaluating [time: 2046.68s, valid_score: 0.040600]
Sun 08 Jun 2025 05:21:07 INFO  valid result: 
recall@10 : 0.052    precision@10 : 0.0225    ndcg@10 : 0.0406    hit@10 : 0.2032    itemcoverage@10 : 0.0128    averagepopularity@10 : 23404.4858    giniindex@10 : 0.9994    shannonentropy@10 : 0.0023    tailpercentage@10 : 0.0
Sun 08 Jun 2025 05:21:08 INFO  Saving current: ../checkpoint_saved/lastfm-360k/BPR-Jun-07-2025_22-53-22.pth
Sun 08 Jun 2025 06:20:17 INFO  epoch 4 training [time: 3549.71s, train loss: 756.4574]
Sun 08 Jun 2025 06:54:00 INFO  epoch 4 evaluating [time: 2022.95s, valid_score: 0.044100]
Sun 08 Jun 2025 06:54:00 INFO  valid result: 
recall@10 : 0.056    precision@10 : 0.0242    ndcg@10 : 0.0441    hit@10 : 0.217    itemcoverage@10 : 0.0174    averagepopularity@10 : 20121.7189    giniindex@10 : 0.9991    shannonentropy@10 : 0.0019    tailpercentage@10 : 0.0
Sun 08 Jun 2025 06:54:01 INFO  Saving current: ../checkpoint_saved/lastfm-360k/BPR-Jun-07-2025_22-53-22.pth
Sun 08 Jun 2025 07:04:20 INFO  epoch 5 training [time: 618.87s, train loss: 635.6327]
Sun 08 Jun 2025 07:38:03 INFO  epoch 5 evaluating [time: 2022.73s, valid_score: 0.045300]
Sun 08 Jun 2025 07:38:03 INFO  valid result: 
recall@10 : 0.0579    precision@10 : 0.025    ndcg@10 : 0.0453    hit@10 : 0.224    itemcoverage@10 : 0.0223    averagepopularity@10 : 17749.9469    giniindex@10 : 0.9987    shannonentropy@10 : 0.0015    tailpercentage@10 : 0.0
Sun 08 Jun 2025 07:38:03 INFO  Saving current: ../checkpoint_saved/lastfm-360k/BPR-Jun-07-2025_22-53-22.pth
Sun 08 Jun 2025 08:44:46 INFO  epoch 6 training [time: 4003.41s, train loss: 546.0501]
Sun 08 Jun 2025 10:55:47 INFO  epoch 6 evaluating [time: 7860.82s, valid_score: 0.046600]
Sun 08 Jun 2025 10:55:47 INFO  valid result: 
recall@10 : 0.0601    precision@10 : 0.0259    ndcg@10 : 0.0466    hit@10 : 0.231    itemcoverage@10 : 0.0274    averagepopularity@10 : 17110.725    giniindex@10 : 0.9984    shannonentropy@10 : 0.0013    tailpercentage@10 : 0.0
Sun 08 Jun 2025 10:55:48 INFO  Saving current: ../checkpoint_saved/lastfm-360k/BPR-Jun-07-2025_22-53-22.pth
Sun 08 Jun 2025 11:04:17 INFO  epoch 7 training [time: 509.03s, train loss: 473.7882]
Sun 08 Jun 2025 11:39:47 INFO  epoch 7 evaluating [time: 2129.96s, valid_score: 0.047500]
Sun 08 Jun 2025 11:39:47 INFO  valid result: 
recall@10 : 0.0616    precision@10 : 0.0265    ndcg@10 : 0.0475    hit@10 : 0.2366    itemcoverage@10 : 0.0324    averagepopularity@10 : 16498.3619    giniindex@10 : 0.9981    shannonentropy@10 : 0.0011    tailpercentage@10 : 0.0
Sun 08 Jun 2025 11:39:48 INFO  Saving current: ../checkpoint_saved/lastfm-360k/BPR-Jun-07-2025_22-53-22.pth
Sun 08 Jun 2025 11:47:29 INFO  epoch 8 training [time: 461.31s, train loss: 417.8933]
Sun 08 Jun 2025 12:23:27 INFO  epoch 8 evaluating [time: 2157.77s, valid_score: 0.050900]
Sun 08 Jun 2025 12:23:27 INFO  valid result: 
recall@10 : 0.0648    precision@10 : 0.0278    ndcg@10 : 0.0509    hit@10 : 0.2475    itemcoverage@10 : 0.0377    averagepopularity@10 : 16100.5925    giniindex@10 : 0.9977    shannonentropy@10 : 0.001    tailpercentage@10 : 0.0
Sun 08 Jun 2025 12:23:28 INFO  Saving current: ../checkpoint_saved/lastfm-360k/BPR-Jun-07-2025_22-53-22.pth
Sun 08 Jun 2025 12:31:12 INFO  epoch 9 training [time: 464.03s, train loss: 370.0256]
Sun 08 Jun 2025 13:07:12 INFO  epoch 9 evaluating [time: 2159.16s, valid_score: 0.050200]
Sun 08 Jun 2025 13:07:12 INFO  valid result: 
recall@10 : 0.0652    precision@10 : 0.028    ndcg@10 : 0.0502    hit@10 : 0.2486    itemcoverage@10 : 0.0428    averagepopularity@10 : 14243.6155    giniindex@10 : 0.9973    shannonentropy@10 : 0.0009    tailpercentage@10 : 0.0
Sun 08 Jun 2025 13:15:23 INFO  epoch 10 training [time: 491.09s, train loss: 334.0191]
Sun 08 Jun 2025 13:52:01 INFO  epoch 10 evaluating [time: 2198.13s, valid_score: 0.051200]
Sun 08 Jun 2025 13:52:01 INFO  valid result: 
recall@10 : 0.0664    precision@10 : 0.0285    ndcg@10 : 0.0512    hit@10 : 0.2523    itemcoverage@10 : 0.0484    averagepopularity@10 : 14118.5173    giniindex@10 : 0.997    shannonentropy@10 : 0.0008    tailpercentage@10 : 0.0
Sun 08 Jun 2025 13:52:02 INFO  Saving current: ../checkpoint_saved/lastfm-360k/BPR-Jun-07-2025_22-53-22.pth
Sun 08 Jun 2025 14:00:03 INFO  epoch 11 training [time: 481.28s, train loss: 300.7450]
Sun 08 Jun 2025 14:38:19 INFO  epoch 11 evaluating [time: 2296.17s, valid_score: 0.053300]
Sun 08 Jun 2025 14:38:19 INFO  valid result: 
recall@10 : 0.0686    precision@10 : 0.0294    ndcg@10 : 0.0533    hit@10 : 0.2601    itemcoverage@10 : 0.0527    averagepopularity@10 : 15511.6074    giniindex@10 : 0.9967    shannonentropy@10 : 0.0007    tailpercentage@10 : 0.0
Sun 08 Jun 2025 14:38:20 INFO  Saving current: ../checkpoint_saved/lastfm-360k/BPR-Jun-07-2025_22-53-22.pth
Sun 08 Jun 2025 14:46:37 INFO  epoch 12 training [time: 497.13s, train loss: 276.0072]
Sun 08 Jun 2025 15:22:58 INFO  epoch 12 evaluating [time: 2180.11s, valid_score: 0.053600]
Sun 08 Jun 2025 15:22:58 INFO  valid result: 
recall@10 : 0.0695    precision@10 : 0.0298    ndcg@10 : 0.0536    hit@10 : 0.2631    itemcoverage@10 : 0.0567    averagepopularity@10 : 12823.0137    giniindex@10 : 0.9963    shannonentropy@10 : 0.0007    tailpercentage@10 : 0.0
Sun 08 Jun 2025 15:22:58 INFO  Saving current: ../checkpoint_saved/lastfm-360k/BPR-Jun-07-2025_22-53-22.pth
Sun 08 Jun 2025 15:30:48 INFO  epoch 13 training [time: 470.16s, train loss: 253.6007]
Sun 08 Jun 2025 16:04:32 INFO  epoch 13 evaluating [time: 2024.13s, valid_score: 0.053500]
Sun 08 Jun 2025 16:04:32 INFO  valid result: 
recall@10 : 0.0696    precision@10 : 0.0298    ndcg@10 : 0.0535    hit@10 : 0.2636    itemcoverage@10 : 0.0615    averagepopularity@10 : 12635.1954    giniindex@10 : 0.996    shannonentropy@10 : 0.0007    tailpercentage@10 : 0.0
Sun 08 Jun 2025 16:11:58 INFO  epoch 14 training [time: 445.38s, train loss: 236.4270]
